==7031== Memcheck, a memory error detector
==7031== Copyright (C) 2002-2015, and GNU GPL'd, by Julian Seward et al.
==7031== Using Valgrind-3.11.0 and LibVEX; rerun with -h for copyright info
==7031== Command: ./mat_vec 2
==7031== 
==7031== 
==7031== HEAP SUMMARY:
==7031==     in use at exit: 360,097 bytes in 450 blocks
==7031==   total heap usage: 501 allocs, 51 frees, 375,124 bytes allocated
==7031== 
==7031== LEAK SUMMARY:
==7031==    definitely lost: 12 bytes in 3 blocks
==7031==    indirectly lost: 0 bytes in 0 blocks
==7031==      possibly lost: 0 bytes in 0 blocks
==7031==    still reachable: 360,085 bytes in 447 blocks
==7031==         suppressed: 0 bytes in 0 blocks
==7031== Rerun with --leak-check=full to see details of leaked memory
==7031== 
==7031== For counts of detected and suppressed errors, rerun with: -v
==7031== ERROR SUMMARY: 0 errors from 0 contexts (suppressed: 0 from 0)
